<?xml version="1.0" encoding="UTF-8"?>
<!-- Generated by org.testng.reporters.JUnitReportReporter -->
<testsuite skipped="0" hostname="Ajay" name="testNG.OrderofExecution" tests="3" failures="0" timestamp="2019-10-20T21:40:21 IST" time="0.057" errors="0">
  <testcase name="testMethod1" time="0.041" classname="testNG.OrderofExecution"/>
  <testcase name="testMethod2" time="0.007" classname="testNG.OrderofExecution"/>
  <testcase name="testMethod3" time="0.009" classname="testNG.OrderofExecution"/>
</testsuite> <!-- testNG.OrderofExecution -->
