<?xml version="1.0" encoding="UTF-8"?>
<!-- Generated by org.testng.reporters.JUnitReportReporter -->
<testsuite skipped="0" hostname="Ajay" name="testNG.OrderofExecution2" tests="2" failures="0" timestamp="2019-10-20T21:38:53 IST" time="0.006" errors="0">
  <testcase name="test1" time="0.004" classname="testNG.OrderofExecution2"/>
  <testcase name="test2" time="0.002" classname="testNG.OrderofExecution2"/>
</testsuite> <!-- testNG.OrderofExecution2 -->
