<?xml version="1.0" encoding="UTF-8"?>
<!-- Generated by org.testng.reporters.JUnitReportReporter -->
<testsuite skipped="0" hostname="Ajay" name="testNG.NewDemoTests" tests="3" failures="0" timestamp="2019-10-20T21:54:13 IST" time="0.068" errors="0">
  <testcase name="testMethod3" time="0.009" classname="testNG.NewDemoTests"/>
  <testcase name="testMethod2" time="0.006" classname="testNG.NewDemoTests"/>
  <testcase name="testMethod1" time="0.053" classname="testNG.NewDemoTests"/>
</testsuite> <!-- testNG.NewDemoTests -->
