<?xml version="1.0" encoding="UTF-8"?>
<!-- Generated by org.testng.reporters.JUnitReportReporter -->
<testsuite skipped="0" hostname="Ajay" name="utilities.BrowserSetup" tests="1" failures="0" timestamp="2019-10-20T18:08:08 IST" time="22.860" errors="0">
  <testcase name="setup" time="22.860" classname="utilities.BrowserSetup"/>
</testsuite> <!-- utilities.BrowserSetup -->
